# JRE version: OpenJDK Runtime Environment (21.0.7) (build 21.0.7+-13880790-b1038.58)
# Java VM: OpenJDK 64-Bit Server VM (21.0.7+-13880790-b1038.58, mixed mode, tiered, compressed oops, compressed class ptrs, g1 gc, windows-amd64)
GC Precious Log:
 CardTable entry size: 512
 Card Set container configuration: InlinePtr #cards 4 size 8 Array Of Cards #cards 32 size 80 Howl #buckets 8 coarsen threshold 7372 Howl Bitmap #cards 1024 size 144 coarsen threshold 921 Card regions per heap region 1 cards per card region 8192
 CPUs: 16 total, 16 available
 Memory: 24270M
 Large Page Support: Disabled
 NUMA Support: Disabled
 Compressed Oops: Enabled (Zero based)
 Heap Region Size: 4M
 Heap Min Capacity: 8M
 Heap Initial Capacity: 380M
 Heap Max Capacity: 6068M
 Pre-touch: Disabled
 Parallel Workers: 13
 Concurrent Workers: 3
 Concurrent Refinement Workers: 13
 Periodic GC: Disabled
Heap:
 garbage-first heap   total 331776K, used 203882K [0x0000000684c00000, 0x0000000800000000)
  region size 4096K, 4 young (16384K), 4 survivors (16384K)
 Metaspace       used 99177K, committed 99584K, reserved 1179648K
  class space    used 9885K, committed 10048K, reserved 1048576K
GC Heap History (20 events):
Event: 5.941 GC heap after
{Heap after GC invocations=21 (full 0):
 garbage-first heap   total 331776K, used 109501K [0x0000000684c00000, 0x0000000800000000)
  region size 4096K, 2 young (8192K), 2 survivors (8192K)
 Metaspace       used 62485K, committed 62784K, reserved 1114112K
  class space    used 7022K, committed 7168K, reserved 1048576K
}
Event: 8.159 GC heap before
{Heap before GC invocations=21 (full 0):
 garbage-first heap   total 331776K, used 256957K [0x0000000684c00000, 0x0000000800000000)
  region size 4096K, 38 young (155648K), 2 survivors (8192K)
 Metaspace       used 66918K, committed 67200K, reserved 1114112K
  class space    used 7352K, committed 7488K, reserved 1048576K
}
Event: 8.176 GC heap after
{Heap after GC invocations=22 (full 0):
 garbage-first heap   total 331776K, used 128809K [0x0000000684c00000, 0x0000000800000000)
  region size 4096K, 5 young (20480K), 5 survivors (20480K)
 Metaspace       used 66918K, committed 67200K, reserved 1114112K
  class space    used 7352K, committed 7488K, reserved 1048576K
}
Event: 10.442 GC heap before
{Heap before GC invocations=22 (full 0):
 garbage-first heap   total 331776K, used 255785K [0x0000000684c00000, 0x0000000800000000)
  region size 4096K, 36 young (147456K), 5 survivors (20480K)
 Metaspace       used 75328K, committed 75648K, reserved 1179648K
  class space    used 8041K, committed 8192K, reserved 1048576K
}
Event: 10.472 GC heap after
{Heap after GC invocations=23 (full 0):
 garbage-first heap   total 331776K, used 151552K [0x0000000684c00000, 0x0000000800000000)
  region size 4096K, 5 young (20480K), 5 survivors (20480K)
 Metaspace       used 75328K, committed 75648K, reserved 1179648K
  class space    used 8041K, committed 8192K, reserved 1048576K
}
Event: 10.740 GC heap before
{Heap before GC invocations=23 (full 0):
 garbage-first heap   total 331776K, used 163840K [0x0000000684c00000, 0x0000000800000000)
  region size 4096K, 9 young (36864K), 5 survivors (20480K)
 Metaspace       used 76639K, committed 76928K, reserved 1179648K
  class space    used 8114K, committed 8256K, reserved 1048576K
}
Event: 10.759 GC heap after
{Heap after GC invocations=24 (full 0):
 garbage-first heap   total 331776K, used 157145K [0x0000000684c00000, 0x0000000800000000)
  region size 4096K, 1 young (4096K), 1 survivors (4096K)
 Metaspace       used 76639K, committed 76928K, reserved 1179648K
  class space    used 8114K, committed 8256K, reserved 1048576K
}
Event: 14.003 GC heap before
{Heap before GC invocations=25 (full 0):
 garbage-first heap   total 331776K, used 271833K [0x0000000684c00000, 0x0000000800000000)
  region size 4096K, 29 young (118784K), 1 survivors (4096K)
 Metaspace       used 83584K, committed 83968K, reserved 1179648K
  class space    used 8784K, committed 8960K, reserved 1048576K
}
Event: 14.026 GC heap after
{Heap after GC invocations=26 (full 0):
 garbage-first heap   total 331776K, used 174795K [0x0000000684c00000, 0x0000000800000000)
  region size 4096K, 4 young (16384K), 4 survivors (16384K)
 Metaspace       used 83584K, committed 83968K, reserved 1179648K
  class space    used 8784K, committed 8960K, reserved 1048576K
}
Event: 15.864 GC heap before
{Heap before GC invocations=26 (full 0):
 garbage-first heap   total 331776K, used 211659K [0x0000000684c00000, 0x0000000800000000)
  region size 4096K, 15 young (61440K), 4 survivors (16384K)
 Metaspace       used 90198K, committed 90496K, reserved 1179648K
  class space    used 9275K, committed 9408K, reserved 1048576K
}
Event: 15.882 GC heap after
{Heap after GC invocations=27 (full 0):
 garbage-first heap   total 331776K, used 180031K [0x0000000684c00000, 0x0000000800000000)
  region size 4096K, 2 young (8192K), 2 survivors (8192K)
 Metaspace       used 90198K, committed 90496K, reserved 1179648K
  class space    used 9275K, committed 9408K, reserved 1048576K
}
Event: 20.345 GC heap before
{Heap before GC invocations=28 (full 0):
 garbage-first heap   total 331776K, used 286527K [0x0000000684c00000, 0x0000000800000000)
  region size 4096K, 28 young (114688K), 2 survivors (8192K)
 Metaspace       used 98435K, committed 98816K, reserved 1179648K
  class space    used 9870K, committed 10048K, reserved 1048576K
}
Event: 20.356 GC heap after
{Heap after GC invocations=29 (full 0):
 garbage-first heap   total 331776K, used 187380K [0x0000000684c00000, 0x0000000800000000)
  region size 4096K, 3 young (12288K), 3 survivors (12288K)
 Metaspace       used 98435K, committed 98816K, reserved 1179648K
  class space    used 9870K, committed 10048K, reserved 1048576K
}
Event: 22.688 GC heap before
{Heap before GC invocations=29 (full 0):
 garbage-first heap   total 331776K, used 293876K [0x0000000684c00000, 0x0000000800000000)
  region size 4096K, 29 young (118784K), 3 survivors (12288K)
 Metaspace       used 98817K, committed 99200K, reserved 1179648K
  class space    used 9877K, committed 10048K, reserved 1048576K
}
Event: 22.713 GC heap after
{Heap after GC invocations=30 (full 0):
 garbage-first heap   total 331776K, used 191170K [0x0000000684c00000, 0x0000000800000000)
  region size 4096K, 4 young (16384K), 4 survivors (16384K)
 Metaspace       used 98817K, committed 99200K, reserved 1179648K
  class space    used 9877K, committed 10048K, reserved 1048576K
}
Event: 23.377 GC heap before
{Heap before GC invocations=30 (full 0):
 garbage-first heap   total 331776K, used 219842K [0x0000000684c00000, 0x0000000800000000)
  region size 4096K, 12 young (49152K), 4 survivors (16384K)
 Metaspace       used 98887K, committed 99328K, reserved 1179648K
  class space    used 9879K, committed 10048K, reserved 1048576K
}
Event: 23.396 GC heap after
{Heap after GC invocations=31 (full 0):
 garbage-first heap   total 331776K, used 193808K [0x0000000684c00000, 0x0000000800000000)
  region size 4096K, 3 young (12288K), 3 survivors (12288K)
 Metaspace       used 98887K, committed 99328K, reserved 1179648K
  class space    used 9879K, committed 10048K, reserved 1048576K
}
Event: 25.515 GC heap before
{Heap before GC invocations=32 (full 0):
 garbage-first heap   total 331776K, used 296208K [0x0000000684c00000, 0x0000000800000000)
  region size 4096K, 28 young (114688K), 3 survivors (12288K)
 Metaspace       used 99119K, committed 99520K, reserved 1179648K
  class space    used 9882K, committed 10048K, reserved 1048576K
}
Event: 25.534 GC heap after
{Heap after GC invocations=33 (full 0):
 garbage-first heap   total 331776K, used 198503K [0x0000000684c00000, 0x0000000800000000)
  region size 4096K, 3 young (12288K), 3 survivors (12288K)
 Metaspace       used 99119K, committed 99520K, reserved 1179648K
  class space    used 9882K, committed 10048K, reserved 1048576K
}
Event: 26.538 GC heap before
{Heap before GC invocations=33 (full 0):
 garbage-first heap   total 331776K, used 288615K [0x0000000684c00000, 0x0000000800000000)
  region size 4096K, 26 young (106496K), 3 survivors (12288K)
 Metaspace       used 99177K, committed 99584K, reserved 1179648K
  class space    used 9885K, committed 10048K, reserved 1048576K
}

